[2019-01-22 09:08:16,951][ERROR] Select an image first.
[2019-01-22 09:08:19,328][ERROR] Select an image to remove.
[2019-01-22 09:08:45,112][INFO] Detecting seeds...
[2019-01-22 09:08:45,227][INFO] 42 seeds found
[2019-01-22 09:08:50,219][INFO] Detecting seeds...
[2019-01-22 09:08:50,310][INFO] 37 seeds found
[2019-01-22 09:08:55,148][INFO] Detecting seeds...
[2019-01-22 09:08:55,600][INFO] 5 seeds found
[2019-01-22 09:08:58,032][INFO] Detecting seeds...
[2019-01-22 09:08:58,509][INFO] 5 seeds found
[2019-01-22 09:09:01,089][INFO] Detecting seeds...
[2019-01-22 09:09:01,397][INFO] 5 seeds found
[2019-01-22 09:09:01,419][INFO] Classifying seeds...
[2019-01-22 09:09:01,421][INFO] 5 seeds found
[2019-01-22 09:09:01,422][INFO]   -> 0 geminated (red)
[2019-01-22 09:09:01,422][INFO]   -> 5 non-geminated (blue)
[2019-01-22 09:09:04,438][INFO] Detecting seeds...
[2019-01-22 09:09:04,549][INFO] 42 seeds found
[2019-01-22 09:09:10,216][INFO] Detecting seeds...
[2019-01-22 09:09:10,551][INFO] 5 seeds found
[2019-01-22 09:09:13,870][INFO] Detecting seeds...
[2019-01-22 09:09:13,978][INFO] 42 seeds found
[2019-01-22 09:09:17,778][INFO] Detecting seeds...
[2019-01-22 09:09:18,092][INFO] 6 seeds found
[2019-01-22 09:09:24,292][INFO] Detecting seeds...
[2019-01-22 09:09:24,396][INFO] 17 seeds found
[2019-01-22 09:09:27,067][INFO] Detecting seeds...
[2019-01-22 09:09:27,633][INFO] 3 seeds found
[2019-01-22 09:09:33,540][INFO] Detecting seeds...
[2019-01-22 09:09:33,639][INFO] 52 seeds found
[2019-01-22 09:09:37,233][INFO] Detecting seeds...
[2019-01-22 09:09:37,859][INFO] 50 seeds found
[2019-01-22 09:09:43,254][INFO] Detecting seeds...
[2019-01-22 09:09:43,342][INFO] 37 seeds found
[2019-01-22 09:09:45,974][INFO] Detecting seeds...
[2019-01-22 09:09:46,621][INFO] 5 seeds found
[2019-01-22 09:13:02,889][INFO] Detecting seeds...
[2019-01-22 09:13:03,205][INFO] 5 seeds found
[2019-01-22 09:13:56,550][ERROR] Select an image first.
[2019-01-22 09:14:02,793][INFO] Detecting seeds...
[2019-01-22 09:14:02,879][INFO] 0 seeds found
[2019-01-22 09:14:04,701][INFO] Detecting seeds...
[2019-01-22 09:14:04,768][INFO] 0 seeds found
[2019-01-22 09:14:05,325][INFO] Detecting seeds...
[2019-01-22 09:14:05,392][INFO] 0 seeds found
[2019-01-22 09:14:05,397][INFO] Classifying seeds...
[2019-01-22 09:14:05,419][ERROR] Exception caught on classifySeeds: <class 'ValueError'>
